info: Microsoft.Hosting.Lifetime[14]
      Now listening on: http://localhost:5000
info: Microsoft.Hosting.Lifetime[0]
      Application started. Press Ctrl+C to shut down.
info: Microsoft.Hosting.Lifetime[0]
      Hosting environment: Production
info: Microsoft.Hosting.Lifetime[0]
      Content root path: /Users/jeremylokovic/Desktop/Code/Personal/sat_tracker/backend/TLE
info: Microsoft.AspNetCore.Hosting.Diagnostics[1]
      Request starting HTTP/1.1 GET http://localhost:5000/api/tles - - -
info: Microsoft.AspNetCore.Cors.Infrastructure.CorsService[4]
      CORS policy execution successful.
info: Microsoft.AspNetCore.Routing.EndpointMiddleware[0]
      Executing endpoint 'HTTP: GET /api/tles'
info: System.Net.Http.HttpClient.Default.LogicalHandler[100]
      Start processing HTTP request POST https://www.space-track.org/ajaxauth/login
info: System.Net.Http.HttpClient.Default.ClientHandler[100]
      Sending HTTP request POST https://www.space-track.org/ajaxauth/login
info: System.Net.Http.HttpClient.Default.ClientHandler[101]
      Received HTTP response headers after 820.7854ms - 200
info: System.Net.Http.HttpClient.Default.LogicalHandler[101]
      End processing HTTP request after 824.515ms - 200
info: System.Net.Http.HttpClient.Default.LogicalHandler[100]
      Start processing HTTP request GET https://www.space-track.org/basicspacedata/query/class/gp/COUNTRY_CODE/US/DECAY_DATE/null-val/orderby/EPOCH%20desc/limit/100/format/3le
info: System.Net.Http.HttpClient.Default.ClientHandler[100]
      Sending HTTP request GET https://www.space-track.org/basicspacedata/query/class/gp/COUNTRY_CODE/US/DECAY_DATE/null-val/orderby/EPOCH%20desc/limit/100/format/3le
info: System.Net.Http.HttpClient.Default.ClientHandler[101]
      Received HTTP response headers after 123.9152ms - 200
info: System.Net.Http.HttpClient.Default.LogicalHandler[101]
      End processing HTTP request after 124.0372ms - 200
info: Microsoft.AspNetCore.Http.Result.OkObjectResult[1]
      Setting HTTP status code 200.
info: Microsoft.AspNetCore.Http.Result.OkObjectResult[3]
      Writing value of type 'List`1' as Json.
info: Microsoft.AspNetCore.Routing.EndpointMiddleware[1]
      Executed endpoint 'HTTP: GET /api/tles'
info: Microsoft.AspNetCore.Hosting.Diagnostics[2]
      Request finished HTTP/1.1 GET http://localhost:5000/api/tles - 200 - application/json;+charset=utf-8 1175.9136ms
info: Microsoft.AspNetCore.Hosting.Diagnostics[1]
      Request starting HTTP/1.1 GET http://localhost:5000/api/tles - - -
info: Microsoft.AspNetCore.Cors.Infrastructure.CorsService[4]
      CORS policy execution successful.
info: Microsoft.AspNetCore.Routing.EndpointMiddleware[0]
      Executing endpoint 'HTTP: GET /api/tles'
info: System.Net.Http.HttpClient.Default.LogicalHandler[100]
      Start processing HTTP request POST https://www.space-track.org/ajaxauth/login
info: System.Net.Http.HttpClient.Default.ClientHandler[100]
      Sending HTTP request POST https://www.space-track.org/ajaxauth/login
info: System.Net.Http.HttpClient.Default.ClientHandler[101]
      Received HTTP response headers after 725.8336ms - 200
info: System.Net.Http.HttpClient.Default.LogicalHandler[101]
      End processing HTTP request after 725.9934ms - 200
info: System.Net.Http.HttpClient.Default.LogicalHandler[100]
      Start processing HTTP request GET https://www.space-track.org/basicspacedata/query/class/gp/COUNTRY_CODE/US/DECAY_DATE/null-val/orderby/EPOCH%20desc/limit/100/format/3le
info: System.Net.Http.HttpClient.Default.ClientHandler[100]
      Sending HTTP request GET https://www.space-track.org/basicspacedata/query/class/gp/COUNTRY_CODE/US/DECAY_DATE/null-val/orderby/EPOCH%20desc/limit/100/format/3le
info: System.Net.Http.HttpClient.Default.ClientHandler[101]
      Received HTTP response headers after 108.9112ms - 200
info: System.Net.Http.HttpClient.Default.LogicalHandler[101]
      End processing HTTP request after 109.0715ms - 200
info: Microsoft.AspNetCore.Http.Result.OkObjectResult[1]
      Setting HTTP status code 200.
info: Microsoft.AspNetCore.Http.Result.OkObjectResult[3]
      Writing value of type 'List`1' as Json.
info: Microsoft.AspNetCore.Routing.EndpointMiddleware[1]
      Executed endpoint 'HTTP: GET /api/tles'
info: Microsoft.AspNetCore.Hosting.Diagnostics[2]
      Request finished HTTP/1.1 GET http://localhost:5000/api/tles - 200 - application/json;+charset=utf-8 1055.2902ms
info: Microsoft.AspNetCore.Hosting.Diagnostics[1]
      Request starting HTTP/1.1 GET http://localhost:5000/api/tles - - -
info: Microsoft.AspNetCore.Cors.Infrastructure.CorsService[4]
      CORS policy execution successful.
info: Microsoft.AspNetCore.Routing.EndpointMiddleware[0]
      Executing endpoint 'HTTP: GET /api/tles'
info: System.Net.Http.HttpClient.Default.LogicalHandler[100]
      Start processing HTTP request POST https://www.space-track.org/ajaxauth/login
info: System.Net.Http.HttpClient.Default.ClientHandler[100]
      Sending HTTP request POST https://www.space-track.org/ajaxauth/login
info: System.Net.Http.HttpClient.Default.ClientHandler[101]
      Received HTTP response headers after 659.247ms - 200
info: System.Net.Http.HttpClient.Default.LogicalHandler[101]
      End processing HTTP request after 659.3217ms - 200
info: System.Net.Http.HttpClient.Default.LogicalHandler[100]
      Start processing HTTP request GET https://www.space-track.org/basicspacedata/query/class/gp/COUNTRY_CODE/US/DECAY_DATE/null-val/orderby/EPOCH%20desc/limit/100/format/3le
info: System.Net.Http.HttpClient.Default.ClientHandler[100]
      Sending HTTP request GET https://www.space-track.org/basicspacedata/query/class/gp/COUNTRY_CODE/US/DECAY_DATE/null-val/orderby/EPOCH%20desc/limit/100/format/3le
info: System.Net.Http.HttpClient.Default.ClientHandler[101]
      Received HTTP response headers after 106.2072ms - 200
info: System.Net.Http.HttpClient.Default.LogicalHandler[101]
      End processing HTTP request after 106.3059ms - 200
info: Microsoft.AspNetCore.Http.Result.OkObjectResult[1]
      Setting HTTP status code 200.
info: Microsoft.AspNetCore.Http.Result.OkObjectResult[3]
      Writing value of type 'List`1' as Json.
info: Microsoft.AspNetCore.Routing.EndpointMiddleware[1]
      Executed endpoint 'HTTP: GET /api/tles'
info: Microsoft.AspNetCore.Hosting.Diagnostics[2]
      Request finished HTTP/1.1 GET http://localhost:5000/api/tles - 200 - application/json;+charset=utf-8 897.5554ms
info: Microsoft.AspNetCore.Hosting.Diagnostics[1]
      Request starting HTTP/1.1 GET http://localhost:5000/api/tles - - -
info: Microsoft.AspNetCore.Cors.Infrastructure.CorsService[4]
      CORS policy execution successful.
info: Microsoft.AspNetCore.Routing.EndpointMiddleware[0]
      Executing endpoint 'HTTP: GET /api/tles'
info: System.Net.Http.HttpClient.Default.LogicalHandler[100]
      Start processing HTTP request POST https://www.space-track.org/ajaxauth/login
info: System.Net.Http.HttpClient.Default.ClientHandler[100]
      Sending HTTP request POST https://www.space-track.org/ajaxauth/login
info: System.Net.Http.HttpClient.Default.ClientHandler[101]
      Received HTTP response headers after 715.623ms - 200
info: System.Net.Http.HttpClient.Default.LogicalHandler[101]
      End processing HTTP request after 715.6642ms - 200
info: System.Net.Http.HttpClient.Default.LogicalHandler[100]
      Start processing HTTP request GET https://www.space-track.org/basicspacedata/query/class/gp/COUNTRY_CODE/US/DECAY_DATE/null-val/orderby/EPOCH%20desc/limit/100/format/3le
info: System.Net.Http.HttpClient.Default.ClientHandler[100]
      Sending HTTP request GET https://www.space-track.org/basicspacedata/query/class/gp/COUNTRY_CODE/US/DECAY_DATE/null-val/orderby/EPOCH%20desc/limit/100/format/3le
info: System.Net.Http.HttpClient.Default.ClientHandler[101]
      Received HTTP response headers after 145.4386ms - 200
info: System.Net.Http.HttpClient.Default.LogicalHandler[101]
      End processing HTTP request after 145.5072ms - 200
info: Microsoft.AspNetCore.Http.Result.OkObjectResult[1]
      Setting HTTP status code 200.
info: Microsoft.AspNetCore.Http.Result.OkObjectResult[3]
      Writing value of type 'List`1' as Json.
info: Microsoft.AspNetCore.Routing.EndpointMiddleware[1]
      Executed endpoint 'HTTP: GET /api/tles'
info: Microsoft.AspNetCore.Hosting.Diagnostics[2]
      Request finished HTTP/1.1 GET http://localhost:5000/api/tles - 200 - application/json;+charset=utf-8 1019.6610ms
info: Microsoft.AspNetCore.Hosting.Diagnostics[1]
      Request starting HTTP/1.1 GET http://localhost:5000/api/tles - - -
info: Microsoft.AspNetCore.Cors.Infrastructure.CorsService[4]
      CORS policy execution successful.
info: Microsoft.AspNetCore.Routing.EndpointMiddleware[0]
      Executing endpoint 'HTTP: GET /api/tles'
info: System.Net.Http.HttpClient.Default.LogicalHandler[100]
      Start processing HTTP request POST https://www.space-track.org/ajaxauth/login
info: System.Net.Http.HttpClient.Default.ClientHandler[100]
      Sending HTTP request POST https://www.space-track.org/ajaxauth/login
info: System.Net.Http.HttpClient.Default.ClientHandler[101]
      Received HTTP response headers after 898.9683ms - 200
info: System.Net.Http.HttpClient.Default.LogicalHandler[101]
      End processing HTTP request after 899.0197ms - 200
info: System.Net.Http.HttpClient.Default.LogicalHandler[100]
      Start processing HTTP request GET https://www.space-track.org/basicspacedata/query/class/gp/COUNTRY_CODE/US/DECAY_DATE/null-val/orderby/EPOCH%20desc/limit/100/format/3le
info: System.Net.Http.HttpClient.Default.ClientHandler[100]
      Sending HTTP request GET https://www.space-track.org/basicspacedata/query/class/gp/COUNTRY_CODE/US/DECAY_DATE/null-val/orderby/EPOCH%20desc/limit/100/format/3le
info: System.Net.Http.HttpClient.Default.ClientHandler[101]
      Received HTTP response headers after 141.9177ms - 200
info: System.Net.Http.HttpClient.Default.LogicalHandler[101]
      End processing HTTP request after 142.0125ms - 200
info: Microsoft.AspNetCore.Http.Result.OkObjectResult[1]
      Setting HTTP status code 200.
info: Microsoft.AspNetCore.Http.Result.OkObjectResult[3]
      Writing value of type 'List`1' as Json.
info: Microsoft.AspNetCore.Routing.EndpointMiddleware[1]
      Executed endpoint 'HTTP: GET /api/tles'
info: Microsoft.AspNetCore.Hosting.Diagnostics[2]
      Request finished HTTP/1.1 GET http://localhost:5000/api/tles - 200 - application/json;+charset=utf-8 1376.0454ms
info: Microsoft.AspNetCore.Hosting.Diagnostics[1]
      Request starting HTTP/1.1 GET http://localhost:5000/api/tles - - -
info: Microsoft.AspNetCore.Cors.Infrastructure.CorsService[4]
      CORS policy execution successful.
info: Microsoft.AspNetCore.Routing.EndpointMiddleware[0]
      Executing endpoint 'HTTP: GET /api/tles'
info: System.Net.Http.HttpClient.Default.LogicalHandler[100]
      Start processing HTTP request POST https://www.space-track.org/ajaxauth/login
info: System.Net.Http.HttpClient.Default.ClientHandler[100]
      Sending HTTP request POST https://www.space-track.org/ajaxauth/login
info: System.Net.Http.HttpClient.Default.ClientHandler[101]
      Received HTTP response headers after 1174.9904ms - 200
info: System.Net.Http.HttpClient.Default.LogicalHandler[101]
      End processing HTTP request after 1175.0581ms - 200
info: System.Net.Http.HttpClient.Default.LogicalHandler[100]
      Start processing HTTP request GET https://www.space-track.org/basicspacedata/query/class/gp/COUNTRY_CODE/US/DECAY_DATE/null-val/orderby/EPOCH%20desc/limit/100/format/3le
info: System.Net.Http.HttpClient.Default.ClientHandler[100]
      Sending HTTP request GET https://www.space-track.org/basicspacedata/query/class/gp/COUNTRY_CODE/US/DECAY_DATE/null-val/orderby/EPOCH%20desc/limit/100/format/3le
info: System.Net.Http.HttpClient.Default.ClientHandler[101]
      Received HTTP response headers after 129.719ms - 200
info: System.Net.Http.HttpClient.Default.LogicalHandler[101]
      End processing HTTP request after 129.817ms - 200
info: Microsoft.AspNetCore.Http.Result.OkObjectResult[1]
      Setting HTTP status code 200.
info: Microsoft.AspNetCore.Http.Result.OkObjectResult[3]
      Writing value of type 'List`1' as Json.
info: Microsoft.AspNetCore.Routing.EndpointMiddleware[1]
      Executed endpoint 'HTTP: GET /api/tles'
info: Microsoft.AspNetCore.Hosting.Diagnostics[2]
      Request finished HTTP/1.1 GET http://localhost:5000/api/tles - 200 - application/json;+charset=utf-8 1486.7401ms
info: Microsoft.AspNetCore.Hosting.Diagnostics[1]
      Request starting HTTP/1.1 GET http://localhost:5000/api/tles - - -
info: Microsoft.AspNetCore.Cors.Infrastructure.CorsService[4]
      CORS policy execution successful.
info: Microsoft.AspNetCore.Routing.EndpointMiddleware[0]
      Executing endpoint 'HTTP: GET /api/tles'
info: System.Net.Http.HttpClient.Default.LogicalHandler[100]
      Start processing HTTP request POST https://www.space-track.org/ajaxauth/login
info: System.Net.Http.HttpClient.Default.ClientHandler[100]
      Sending HTTP request POST https://www.space-track.org/ajaxauth/login
info: System.Net.Http.HttpClient.Default.ClientHandler[101]
      Received HTTP response headers after 757.8142ms - 200
info: System.Net.Http.HttpClient.Default.LogicalHandler[101]
      End processing HTTP request after 757.9079ms - 200
info: System.Net.Http.HttpClient.Default.LogicalHandler[100]
      Start processing HTTP request GET https://www.space-track.org/basicspacedata/query/class/gp/COUNTRY_CODE/US/DECAY_DATE/null-val/orderby/EPOCH%20desc/limit/100/format/3le
info: System.Net.Http.HttpClient.Default.ClientHandler[100]
      Sending HTTP request GET https://www.space-track.org/basicspacedata/query/class/gp/COUNTRY_CODE/US/DECAY_DATE/null-val/orderby/EPOCH%20desc/limit/100/format/3le
info: System.Net.Http.HttpClient.Default.ClientHandler[101]
      Received HTTP response headers after 116.2652ms - 200
info: System.Net.Http.HttpClient.Default.LogicalHandler[101]
      End processing HTTP request after 116.3914ms - 200
info: Microsoft.AspNetCore.Http.Result.OkObjectResult[1]
      Setting HTTP status code 200.
info: Microsoft.AspNetCore.Http.Result.OkObjectResult[3]
      Writing value of type 'List`1' as Json.
info: Microsoft.AspNetCore.Routing.EndpointMiddleware[1]
      Executed endpoint 'HTTP: GET /api/tles'
info: Microsoft.AspNetCore.Hosting.Diagnostics[2]
      Request finished HTTP/1.1 GET http://localhost:5000/api/tles - 200 - application/json;+charset=utf-8 1053.1732ms
info: Microsoft.AspNetCore.Hosting.Diagnostics[1]
      Request starting HTTP/1.1 GET http://localhost:5000/api/tles - - -
info: Microsoft.AspNetCore.Cors.Infrastructure.CorsService[4]
      CORS policy execution successful.
info: Microsoft.AspNetCore.Routing.EndpointMiddleware[0]
      Executing endpoint 'HTTP: GET /api/tles'
info: System.Net.Http.HttpClient.Default.LogicalHandler[100]
      Start processing HTTP request POST https://www.space-track.org/ajaxauth/login
info: System.Net.Http.HttpClient.Default.ClientHandler[100]
      Sending HTTP request POST https://www.space-track.org/ajaxauth/login
info: System.Net.Http.HttpClient.Default.ClientHandler[101]
      Received HTTP response headers after 812.2373ms - 200
info: System.Net.Http.HttpClient.Default.LogicalHandler[101]
      End processing HTTP request after 812.3549ms - 200
info: System.Net.Http.HttpClient.Default.LogicalHandler[100]
      Start processing HTTP request GET https://www.space-track.org/basicspacedata/query/class/gp/COUNTRY_CODE/US/DECAY_DATE/null-val/orderby/EPOCH%20desc/limit/100/format/3le
info: System.Net.Http.HttpClient.Default.ClientHandler[100]
      Sending HTTP request GET https://www.space-track.org/basicspacedata/query/class/gp/COUNTRY_CODE/US/DECAY_DATE/null-val/orderby/EPOCH%20desc/limit/100/format/3le
info: System.Net.Http.HttpClient.Default.ClientHandler[101]
      Received HTTP response headers after 125.055ms - 200
info: System.Net.Http.HttpClient.Default.LogicalHandler[101]
      End processing HTTP request after 125.1522ms - 200
info: Microsoft.AspNetCore.Http.Result.OkObjectResult[1]
      Setting HTTP status code 200.
info: Microsoft.AspNetCore.Http.Result.OkObjectResult[3]
      Writing value of type 'List`1' as Json.
info: Microsoft.AspNetCore.Routing.EndpointMiddleware[1]
      Executed endpoint 'HTTP: GET /api/tles'
info: Microsoft.AspNetCore.Hosting.Diagnostics[2]
      Request finished HTTP/1.1 GET http://localhost:5000/api/tles - 200 - application/json;+charset=utf-8 1133.1040ms
info: Microsoft.AspNetCore.Hosting.Diagnostics[1]
      Request starting HTTP/1.1 GET http://localhost:5000/api/tles - - -
info: Microsoft.AspNetCore.Cors.Infrastructure.CorsService[4]
      CORS policy execution successful.
info: Microsoft.AspNetCore.Routing.EndpointMiddleware[0]
      Executing endpoint 'HTTP: GET /api/tles'
info: System.Net.Http.HttpClient.Default.LogicalHandler[100]
      Start processing HTTP request POST https://www.space-track.org/ajaxauth/login
info: System.Net.Http.HttpClient.Default.ClientHandler[100]
      Sending HTTP request POST https://www.space-track.org/ajaxauth/login
info: System.Net.Http.HttpClient.Default.ClientHandler[101]
      Received HTTP response headers after 1141.0409ms - 200
info: System.Net.Http.HttpClient.Default.LogicalHandler[101]
      End processing HTTP request after 1141.1116ms - 200
info: System.Net.Http.HttpClient.Default.LogicalHandler[100]
      Start processing HTTP request GET https://www.space-track.org/basicspacedata/query/class/gp/COUNTRY_CODE/US/DECAY_DATE/null-val/orderby/EPOCH%20desc/limit/100/format/3le
info: System.Net.Http.HttpClient.Default.ClientHandler[100]
      Sending HTTP request GET https://www.space-track.org/basicspacedata/query/class/gp/COUNTRY_CODE/US/DECAY_DATE/null-val/orderby/EPOCH%20desc/limit/100/format/3le
info: System.Net.Http.HttpClient.Default.ClientHandler[101]
      Received HTTP response headers after 156.8453ms - 200
info: System.Net.Http.HttpClient.Default.LogicalHandler[101]
      End processing HTTP request after 156.9589ms - 200
info: Microsoft.AspNetCore.Http.Result.OkObjectResult[1]
      Setting HTTP status code 200.
info: Microsoft.AspNetCore.Http.Result.OkObjectResult[3]
      Writing value of type 'List`1' as Json.
info: Microsoft.AspNetCore.Routing.EndpointMiddleware[1]
      Executed endpoint 'HTTP: GET /api/tles'
info: Microsoft.AspNetCore.Hosting.Diagnostics[2]
      Request finished HTTP/1.1 GET http://localhost:5000/api/tles - 200 - application/json;+charset=utf-8 1553.7270ms
info: Microsoft.AspNetCore.Hosting.Diagnostics[1]
      Request starting HTTP/1.1 GET http://localhost:5000/api/tles - - -
info: Microsoft.AspNetCore.Cors.Infrastructure.CorsService[4]
      CORS policy execution successful.
info: Microsoft.AspNetCore.Routing.EndpointMiddleware[0]
      Executing endpoint 'HTTP: GET /api/tles'
info: System.Net.Http.HttpClient.Default.LogicalHandler[100]
      Start processing HTTP request POST https://www.space-track.org/ajaxauth/login
info: System.Net.Http.HttpClient.Default.ClientHandler[100]
      Sending HTTP request POST https://www.space-track.org/ajaxauth/login
info: System.Net.Http.HttpClient.Default.ClientHandler[101]
      Received HTTP response headers after 900.2853ms - 200
info: System.Net.Http.HttpClient.Default.LogicalHandler[101]
      End processing HTTP request after 900.3458ms - 200
info: System.Net.Http.HttpClient.Default.LogicalHandler[100]
      Start processing HTTP request GET https://www.space-track.org/basicspacedata/query/class/gp/COUNTRY_CODE/US/DECAY_DATE/null-val/orderby/EPOCH%20desc/limit/100/format/3le
info: System.Net.Http.HttpClient.Default.ClientHandler[100]
      Sending HTTP request GET https://www.space-track.org/basicspacedata/query/class/gp/COUNTRY_CODE/US/DECAY_DATE/null-val/orderby/EPOCH%20desc/limit/100/format/3le
info: System.Net.Http.HttpClient.Default.ClientHandler[101]
      Received HTTP response headers after 134.2348ms - 200
info: System.Net.Http.HttpClient.Default.LogicalHandler[101]
      End processing HTTP request after 134.3253ms - 200
info: Microsoft.AspNetCore.Http.Result.OkObjectResult[1]
      Setting HTTP status code 200.
info: Microsoft.AspNetCore.Http.Result.OkObjectResult[3]
      Writing value of type 'List`1' as Json.
info: Microsoft.AspNetCore.Routing.EndpointMiddleware[1]
      Executed endpoint 'HTTP: GET /api/tles'
info: Microsoft.AspNetCore.Hosting.Diagnostics[2]
      Request finished HTTP/1.1 GET http://localhost:5000/api/tles - 200 - application/json;+charset=utf-8 1223.1942ms
info: Microsoft.Hosting.Lifetime[0]
      Application is shutting down...
